<?xml version="1.0" encoding="UTF-8"?>
<!-- Generated by org.testng.reporters.JUnitReportReporter -->
<testsuite hostname="sidharth" failures="0" tests="1" name="TC_001.TC_FlipKart" time="28.530" errors="0" timestamp="2021-08-01T10:54:55 IST" skipped="0">
  <testcase classname="TC_001.TC_FlipKart" name="setup" time="28.530"/>
  <system-out/>
</testsuite> <!-- TC_001.TC_FlipKart -->
